<?xml version="1.0" encoding="UTF-8"?>
<!-- Generated by org.testng.reporters.JUnitXMLReporter -->
<testsuite ignored="6" hostname="Reems-MacBook-Air.local" failures="0" tests="8" name="All Functionalities" time="110.792" errors="0" timestamp="2022-05-29T16:00:18 CDT">
  <testcase classname="scripts._01_AppleTest" name="testAppleURL" time="2.336"/>
  <testcase classname="scripts._03_EtsyTest" name="testMainHeader" time="4.594"/>
  <testcase classname="scripts._04_GoogleSearchTest" name="testGoogleStoreLink" time="5.662"/>
  <testcase classname="scripts._05_CheckBoxTest" name="testCheckBoxInHeroApp" time="3.124"/>
  <testcase classname="scripts._06_RadioButtonTest" name="testFacebookGenderRadioButtons" time="4.086"/>
  <testcase classname="scripts._07_DropdownTest" name="testUnsecurePasswordErrorMessage" time="5.012"/>
  <testcase classname="scripts._07_DropdownTest" name="testExpediaDropdowns" time="39.126"/>
  <testcase classname="scripts._07_DropdownTest" name="testEbayDropdown" time="0.001"/>
  <testcase classname="scripts._04_GoogleSearchTest" name="testGoogleSearch" time="0.0">
    <ignored/>
  </testcase> <!-- testGoogleSearch -->
  <testcase classname="scripts._03_EtsyTest" name="testEtsySearchResult" time="0.0">
    <ignored/>
  </testcase> <!-- testEtsySearchResult -->
  <testcase classname="scripts._01_AppleTest" name="testAppleTitle" time="0.0">
    <ignored/>
  </testcase> <!-- testAppleTitle -->
  <testcase classname="scripts._03_EtsyTest" name="testEtsySearch" time="0.0">
    <ignored/>
  </testcase> <!-- testEtsySearch -->
  <testcase classname="scripts._01_AppleTest" name="X" time="0.0">
    <ignored/>
  </testcase> <!-- X -->
  <testcase classname="scripts._03_EtsyTest" name="testEtsyLogo" time="0.0">
    <ignored/>
  </testcase> <!-- testEtsyLogo -->
</testsuite> <!-- All Functionalities -->
