<?xml version="1.0" encoding="UTF-8"?>
<!-- Generated by org.testng.reporters.JUnitXMLReporter -->
<testsuite ignored="1" hostname="Reems-MacBook-Air.local" failures="0" tests="6" name="Command line test" time="64.996" errors="0" timestamp="2022-05-22T15:55:37 CDT">
  <testcase classname="scripts._03_EtsyTest" name="testEtsyLogo" time="4.334"/>
  <testcase classname="scripts._03_EtsyTest" name="testEtsySearch" time="5.049"/>
  <testcase classname="scripts._03_EtsyTest" name="testEtsySearchResult" time="8.827"/>
  <testcase classname="scripts._02_TechGlobalTest" name="testApplicationFormHeading" time="1.487"/>
  <testcase classname="scripts._01_AppleTest" name="testAppleTitle" time="2.109"/>
  <testcase classname="scripts._01_AppleTest" name="testAppleURL" time="2.146"/>
  <testcase classname="scripts._01_AppleTest" name="X" time="0.0">
    <ignored/>
  </testcase> <!-- X -->
</testsuite> <!-- Command line test -->
