<?xml version="1.0" encoding="UTF-8"?>
<testng-results ignored="1" total="7" passed="6" failed="0" skipped="0">
  <reporter-output>
  </reporter-output>
  <suite started-at="2022-05-22T15:54:27 CDT" name="Command line suite" finished-at="2022-05-22T15:55:32 CDT" duration-ms="64996">
    <groups>
    </groups>
    <test started-at="2022-05-22T15:54:27 CDT" name="Command line test" finished-at="2022-05-22T15:55:32 CDT" duration-ms="64996">
      <class name="scripts._03_EtsyTest">
        <test-method is-config="true" signature="setup()[pri:0, instance:scripts._03_EtsyTest@1e7c7811]" started-at="2022-05-22T15:54:27 CDT" name="setup" finished-at="2022-05-22T15:54:32 CDT" duration-ms="5588" status="PASS">
          <reporter-output>
          </reporter-output>
        </test-method> <!-- setup -->
        <test-method signature="testEtsyLogo()[pri:1, instance:scripts._03_EtsyTest@1e7c7811]" started-at="2022-05-22T15:54:32 CDT" name="testEtsyLogo" finished-at="2022-05-22T15:54:37 CDT" duration-ms="4334" status="PASS">
          <reporter-output>
          </reporter-output>
        </test-method> <!-- testEtsyLogo -->
        <test-method is-config="true" signature="teardown()[pri:0, instance:scripts._03_EtsyTest@1e7c7811]" started-at="2022-05-22T15:54:37 CDT" name="teardown" finished-at="2022-05-22T15:54:40 CDT" duration-ms="3761" status="PASS">
          <reporter-output>
          </reporter-output>
        </test-method> <!-- teardown -->
        <test-method is-config="true" signature="setup()[pri:0, instance:scripts._03_EtsyTest@1e7c7811]" started-at="2022-05-22T15:54:40 CDT" name="setup" finished-at="2022-05-22T15:54:44 CDT" duration-ms="3338" status="PASS">
          <reporter-output>
          </reporter-output>
        </test-method> <!-- setup -->
        <test-method signature="testEtsySearch()[pri:3, instance:scripts._03_EtsyTest@1e7c7811]" started-at="2022-05-22T15:54:44 CDT" name="testEtsySearch" finished-at="2022-05-22T15:54:49 CDT" duration-ms="5049" status="PASS">
          <reporter-output>
          </reporter-output>
        </test-method> <!-- testEtsySearch -->
        <test-method is-config="true" signature="teardown()[pri:0, instance:scripts._03_EtsyTest@1e7c7811]" started-at="2022-05-22T15:54:49 CDT" name="teardown" finished-at="2022-05-22T15:54:52 CDT" duration-ms="3575" status="PASS">
          <reporter-output>
          </reporter-output>
        </test-method> <!-- teardown -->
        <test-method is-config="true" signature="setup()[pri:0, instance:scripts._03_EtsyTest@1e7c7811]" started-at="2022-05-22T15:54:52 CDT" name="setup" finished-at="2022-05-22T15:54:55 CDT" duration-ms="2643" status="PASS">
          <reporter-output>
          </reporter-output>
        </test-method> <!-- setup -->
        <test-method signature="testEtsySearchResult()[pri:2, instance:scripts._03_EtsyTest@1e7c7811]" started-at="2022-05-22T15:54:55 CDT" name="testEtsySearchResult" finished-at="2022-05-22T15:55:04 CDT" depends-on-methods="scripts._03_EtsyTest.testEtsySearch" duration-ms="8827" status="PASS">
          <reporter-output>
          </reporter-output>
        </test-method> <!-- testEtsySearchResult -->
        <test-method is-config="true" signature="teardown()[pri:0, instance:scripts._03_EtsyTest@1e7c7811]" started-at="2022-05-22T15:55:04 CDT" name="teardown" finished-at="2022-05-22T15:55:07 CDT" duration-ms="3612" status="PASS">
          <reporter-output>
          </reporter-output>
        </test-method> <!-- teardown -->
      </class> <!-- scripts._03_EtsyTest -->
      <class name="scripts._02_TechGlobalTest">
        <test-method is-config="true" signature="setup()[pri:0, instance:scripts._02_TechGlobalTest@77ec78b9]" started-at="2022-05-22T15:55:07 CDT" name="setup" finished-at="2022-05-22T15:55:10 CDT" duration-ms="2643" status="PASS">
          <reporter-output>
          </reporter-output>
        </test-method> <!-- setup -->
        <test-method signature="testApplicationFormHeading()[pri:0, instance:scripts._02_TechGlobalTest@77ec78b9]" started-at="2022-05-22T15:55:10 CDT" name="testApplicationFormHeading" description="TC123: Validate Application form heading" finished-at="2022-05-22T15:55:12 CDT" duration-ms="1487" status="PASS">
          <reporter-output>
          </reporter-output>
        </test-method> <!-- testApplicationFormHeading -->
        <test-method is-config="true" signature="teardown()[pri:0, instance:scripts._02_TechGlobalTest@77ec78b9]" started-at="2022-05-22T15:55:12 CDT" name="teardown" finished-at="2022-05-22T15:55:15 CDT" duration-ms="3466" status="PASS">
          <reporter-output>
          </reporter-output>
        </test-method> <!-- teardown -->
      </class> <!-- scripts._02_TechGlobalTest -->
      <class name="scripts._01_AppleTest">
        <test-method is-config="true" signature="setup()[pri:0, instance:scripts._01_AppleTest@1a3869f4]" started-at="2022-05-22T15:55:15 CDT" name="setup" finished-at="2022-05-22T15:55:18 CDT" duration-ms="2885" status="PASS">
          <reporter-output>
          </reporter-output>
        </test-method> <!-- setup -->
        <test-method signature="testAppleTitle()[pri:1, instance:scripts._01_AppleTest@1a3869f4]" started-at="2022-05-22T15:55:18 CDT" name="testAppleTitle" description="TC345" finished-at="2022-05-22T15:55:20 CDT" duration-ms="2109" status="PASS">
          <reporter-output>
          </reporter-output>
        </test-method> <!-- testAppleTitle -->
        <test-method is-config="true" signature="teardown()[pri:0, instance:scripts._01_AppleTest@1a3869f4]" started-at="2022-05-22T15:55:20 CDT" name="teardown" finished-at="2022-05-22T15:55:23 CDT" duration-ms="3346" status="PASS">
          <reporter-output>
          </reporter-output>
        </test-method> <!-- teardown -->
        <test-method is-config="true" signature="setup()[pri:0, instance:scripts._01_AppleTest@1a3869f4]" started-at="2022-05-22T15:55:23 CDT" name="setup" finished-at="2022-05-22T15:55:26 CDT" duration-ms="2721" status="PASS">
          <reporter-output>
          </reporter-output>
        </test-method> <!-- setup -->
        <test-method signature="testAppleURL()[pri:2, instance:scripts._01_AppleTest@1a3869f4]" started-at="2022-05-22T15:55:26 CDT" name="testAppleURL" description="TC873" finished-at="2022-05-22T15:55:28 CDT" duration-ms="2146" status="PASS">
          <reporter-output>
          </reporter-output>
        </test-method> <!-- testAppleURL -->
        <test-method is-config="true" signature="teardown()[pri:0, instance:scripts._01_AppleTest@1a3869f4]" started-at="2022-05-22T15:55:28 CDT" name="teardown" finished-at="2022-05-22T15:55:32 CDT" duration-ms="3377" status="PASS">
          <reporter-output>
          </reporter-output>
        </test-method> <!-- teardown -->
      </class> <!-- scripts._01_AppleTest -->
    </test> <!-- Command line test -->
  </suite> <!-- Command line suite -->
</testng-results>
